<?xml version="1.0" encoding="UTF-8"?>
<!-- Generated by org.testng.reporters.JUnitXMLReporter -->
<testsuite ignored="0" hostname="ACCTHNLTW0102-Rachana-J" failures="0" tests="1" name="LoginTests" time="4.285" errors="0" timestamp="2025-07-28T12:56:37 IST">
  <testcase classname="testcases.Login" name="@BeforeMethod setupTest" time="3.102">
    <failure type="java.lang.NullPointerException">
      <![CDATA[java.lang.NullPointerException
at java.base/java.util.Objects.requireNonNull(Objects.java:233)
at java.base/java.util.ImmutableCollections$Map1.<init>(ImmutableCollections.java:1112)
at java.base/java.util.Map.of(Map.java:1365)
at org.openqa.selenium.remote.DriverCommand.GET(DriverCommand.java:176)
at org.openqa.selenium.remote.RemoteWebDriver.get(RemoteWebDriver.java:312)
at baseClass.BaseTest.setUp(BaseTest.java:23)
at testcases.Login.setupTest(Login.java:14)
at java.base/java.util.ArrayList.forEach(ArrayList.java:1596)
... Removed 29 stack frames]]>
    </failure>
  </testcase> <!-- @BeforeMethod setupTest -->
  <testcase classname="testcases.Login" name="@AfterMethod teardownTest" time="0.0">
    <skipped/>
  </testcase> <!-- @AfterMethod teardownTest -->
  <testcase classname="testcases.Login" name="LoginTest" time="0.001">
    <skipped/>
  </testcase> <!-- LoginTest -->
</testsuite> <!-- LoginTests -->
